


ARM Macro Assembler    Page 1 


    1 00000000         ;/******************************************************
                       ********************//**
    2 00000000         ; * @file     startup_TLE985x.s
    3 00000000         ; * @brief    CMSIS Cortex-M0 Core Device Startup File f
                       or
    4 00000000         ; *           the Infineon TLE985x Device Series
    5 00000000         ; * @version  V0.1
    6 00000000         ; * @date     7. July 2017
    7 00000000         ; *
    8 00000000         ; * @note
    9 00000000         ; * Copyright (C) 2012 ARM Limited. All rights reserved.
                       
   10 00000000         ; *
   11 00000000         ; * @par
   12 00000000         ; * ARM Limited (ARM) is supplying this software for use
                        with Cortex-M
   13 00000000         ; * processor based microcontrollers.  This file can be 
                       freely distributed
   14 00000000         ; * within development tools that are supporting such AR
                       M based processors.
   15 00000000         ; *
   16 00000000         ; * @par
   17 00000000         ; * THIS SOFTWARE IS PROVIDED "AS IS".  NO WARRANTIES, W
                       HETHER EXPRESS, IMPLIED
   18 00000000         ; * OR STATUTORY, INCLUDING, BUT NOT LIMITED TO, IMPLIED
                        WARRANTIES OF
   19 00000000         ; * MERCHANTABILITY AND FITNESS FOR A PARTICULAR PURPOSE
                        APPLY TO THIS SOFTWARE.
   20 00000000         ; * ARM SHALL NOT, IN ANY CIRCUMSTANCES, BE LIABLE FOR S
                       PECIAL, INCIDENTAL, OR
   21 00000000         ; * CONSEQUENTIAL DAMAGES, FOR ANY REASON WHATSOEVER.
   22 00000000         ; *
   23 00000000         ; ******************************************************
                       ************************/
   24 00000000         ;/*
   25 00000000         ;//-------- <<< Use Configuration Wizard in Context Menu
                        >>> ------------------
   26 00000000         ;*/
   27 00000000         
   28 00000000         
   29 00000000         ; <h> Stack Configuration
   30 00000000         ;   <o> Stack Size (in Bytes) <0x0-0xFFFFFFFF:8>
   31 00000000         ; </h>
   32 00000000         
   33 00000000 00000300 
                       Stack_Size
                               EQU              0x300
   34 00000000         
   35 00000000                 AREA             STACK, NOINIT, READWRITE, ALIGN
=3
   36 00000000         Stack_Mem
                               SPACE            Stack_Size
   37 00000300         __initial_sp
   38 00000300         
   39 00000300         
   40 00000300         ; <h> Heap Configuration
   41 00000300         ;   <o>  Heap Size (in Bytes) <0x0-0xFFFFFFFF:8>
   42 00000300         ; </h>
   43 00000300         



ARM Macro Assembler    Page 2 


   44 00000300 00000000 
                       Heap_Size
                               EQU              0x00000000
   45 00000300         
   46 00000300                 AREA             HEAP, NOINIT, READWRITE, ALIGN=
3
   47 00000000         __heap_base
   48 00000000         Heap_Mem
                               SPACE            Heap_Size
   49 00000000         __heap_limit
   50 00000000         
   51 00000000                 THUMB
   52 00000000                 PRESERVE8
   53 00000000         
   54 00000000         
   55 00000000         ; Vector Table Mapped to Address 0 at Reset
   56 00000000         
   57 00000000                 AREA             RESET, DATA, READONLY
   58 00000000                 EXPORT           __Vectors
   59 00000000                 EXPORT           __Vectors_End
   60 00000000                 EXPORT           __Vectors_Size
   61 00000000         
   62 00000000 00000000 
                       __Vectors
                               DCD              __initial_sp ; Top of Stack
   63 00000004 00000000        DCD              Reset_Handler ; Reset Handler
   64 00000008 00000000        DCD              NMI_Handler ; NMI Handler
   65 0000000C 00000000        DCD              HardFault_Handler ; Hard Fault 
                                                            Handler
   66 00000010 00000000        DCD              MemManage_Handler 
                                                            ; MPU Fault Handler
                                                            
   67 00000014 00000000        DCD              BusFault_Handler 
                                                            ; Bus Fault Handler
                                                            
   68 00000018 00000000        DCD              UsageFault_Handler ; Usage Faul
                                                            t Handler
   69 0000001C 00000000        DCD              0           ; Reserved
   70 00000020 00000000        DCD              0           ; Reserved
   71 00000024 00000000        DCD              0           ; Reserved
   72 00000028 00000000        DCD              0           ; Reserved
   73 0000002C 00000000        DCD              SVC_Handler ; SVCall Handler
   74 00000030 00000000        DCD              DebugMon_Handler ; Debug Monito
                                                            r Handler
   75 00000034 00000000        DCD              0           ; Reserved
   76 00000038 00000000        DCD              PendSV_Handler ; PendSV Handler
                                                            
   77 0000003C 00000000        DCD              SysTick_Handler 
                                                            ; SysTick Handler
   78 00000040         
   79 00000040         ; External Interrupts
   80 00000040         
   81 00000040 00000000        DCD              GPT1_IRQHandler ; GPTimer Inter
                                                            rupt 1
   82 00000044 00000000        DCD              GPT2_IRQHandler ; GPTimer Inter
                                                            rupt 2
   83 00000048 00000000        DCD              ADC2_IRQHandler ; MU interrupt 
                                                            / ADC2, VBG interru
                                                            pt



ARM Macro Assembler    Page 3 


   84 0000004C 00000000        DCD              ADC1_IRQHandler ; ADC10 Bit int
                                                            errupt
   85 00000050 00000000        DCD              CCU6SR0_IRQHandler ; CCU6 node 
                                                            0 interrupt
   86 00000054 00000000        DCD              CCU6SR1_IRQHandler ; CCU6 node 
                                                            1 interrupt
   87 00000058 00000000        DCD              CCU6SR2_IRQHandler ; CCU6 node 
                                                            2 interrupt
   88 0000005C 00000000        DCD              CCU6SR3_IRQHandler ; CCU6 node 
                                                            3 interrupt
   89 00000060 00000000        DCD              SSC1_IRQHandler ; SSC1 interrup
                                                            t (receive, transmi
                                                            t, error)
   90 00000064 00000000        DCD              SSC2_IRQHandler ; SSC2 interrup
                                                            t (receive, transmi
                                                            t, error)
   91 00000068 00000000        DCD              UART1_IRQHandler ; UART1 (ASC-L
                                                            IN) interrupt (rece
                                                            ive, transmit), t2,
                                                             linsync1, LIN
   92 0000006C 00000000        DCD              UART2_IRQHandler ; UART2 interr
                                                            upt (receive, trans
                                                            mit), t21, External
                                                             interrupt (EINT2)
   93 00000070 00000000        DCD              EXINT0_IRQHandler ; External in
                                                            terrupt (EINT0), wa
                                                            keup
   94 00000074 00000000        DCD              EXINT1_IRQHandler ; External in
                                                            terrupt (EINT1)
   95 00000078 00000000        DCD              WAKEUP_IRQHandler ; wakeup inte
                                                            rrupt (generated by
                                                             a wakeup event)
   96 0000007C 00000000        DCD              DIV_IRQHandler ; Hardware divid
                                                            er interrupt
   97 00000080 00000000        DCD              node16_IRQHandler ; reserved fo
                                                            r future use
   98 00000084 00000000        DCD              CP_IRQHandler ; Charge Pump int
                                                            errupt
   99 00000088 00000000        DCD              BDRV_IRQHandler ; Bridge Driver
                                                             interrupt
  100 0000008C 00000000        DCD              HS_IRQHandler ; High Side Inter
                                                            rupt
  101 00000090 00000000        DCD              CSA_IRQHandler 
                                                            ; OpAmp Interrupt
  102 00000094 00000000        DCD              DU1_IRQHandler ; Differential U
                                                            nit - DPP1
  103 00000098 00000000        DCD              MONx_IRQHandler ; MONx Interrup
                                                            t, wakeup
  104 0000009C 00000000        DCD              PORT2_IRQHandler 
                                                            ; Port 2.x - DPP1
  105 000000A0         __Vectors_End
  106 000000A0         
  107 000000A0 000000A0 
                       __Vectors_Size
                               EQU              __Vectors_End - __Vectors
  108 000000A0         
  109 000000A0                 AREA             |.text|, CODE, READONLY
  110 00000000         
  111 00000000         ;-------------------------------------------------------



ARM Macro Assembler    Page 4 


                       ------------------------
  112 00000000         ; Reset Handler
  113 00000000         
  114 00000000         Reset_Handler
                               PROC
  115 00000000                 EXPORT           Reset_Handler             [WEAK
]
  116 00000000                 IMPORT           SystemInit
  117 00000000                 IMPORT           __main
  118 00000000 4806            LDR              R0, =SystemInit
  119 00000002 4780            BLX              R0
  120 00000004 4806            LDR              R0, =__main
  121 00000006 4700            BX               R0
  122 00000008                 ENDP
  123 00000008         
  124 00000008         ;-------------------------------------------------------
                       ------------------------
  125 00000008         ; Dummy Exception Handlers (infinite loops which can be 
                       modified)                
  126 00000008         
  127 00000008         NMI_Handler
                               PROC
  128 00000008                 EXPORT           NMI_Handler                [WEA
K]
  129 00000008 E7FE            B                .
  130 0000000A                 ENDP
  132 0000000A         HardFault_Handler
                               PROC
  133 0000000A                 EXPORT           HardFault_Handler          [WEA
K]
  134 0000000A E7FE            B                .
  135 0000000C                 ENDP
  137 0000000C         MemManage_Handler
                               PROC
  138 0000000C                 EXPORT           MemManage_Handler          [WEA
K]
  139 0000000C E7FE            B                .
  140 0000000E                 ENDP
  142 0000000E         BusFault_Handler
                               PROC
  143 0000000E                 EXPORT           BusFault_Handler           [WEA
K]
  144 0000000E E7FE            B                .
  145 00000010                 ENDP
  147 00000010         UsageFault_Handler
                               PROC
  148 00000010                 EXPORT           UsageFault_Handler         [WEA
K]
  149 00000010 E7FE            B                .
  150 00000012                 ENDP
  151 00000012         SVC_Handler
                               PROC
  152 00000012                 EXPORT           SVC_Handler                [WEA
K]
  153 00000012 E7FE            B                .
  154 00000014                 ENDP
  156 00000014         DebugMon_Handler
                               PROC
  157 00000014                 EXPORT           DebugMon_Handler           [WEA



ARM Macro Assembler    Page 5 


K]
  158 00000014 E7FE            B                .
  159 00000016                 ENDP
  161 00000016         PendSV_Handler
                               PROC
  162 00000016                 EXPORT           PendSV_Handler             [WEA
K]
  163 00000016 E7FE            B                .
  164 00000018                 ENDP
  166 00000018         SysTick_Handler
                               PROC
  167 00000018                 EXPORT           SysTick_Handler            [WEA
K]
  168 00000018 E7FE            B                .
  169 0000001A                 ENDP
  170 0000001A         
  171 0000001A         Default_Handler
                               PROC
  172 0000001A                 EXPORT           GPT1_IRQHandler           [WEAK
]
  173 0000001A                 EXPORT           GPT2_IRQHandler           [WEAK
]
  174 0000001A                 EXPORT           ADC2_IRQHandler           [WEAK
]
  175 0000001A                 EXPORT           ADC1_IRQHandler           [WEAK
]
  176 0000001A                 EXPORT           CCU6SR0_IRQHandler        [WEAK
]
  177 0000001A                 EXPORT           CCU6SR1_IRQHandler        [WEAK
]
  178 0000001A                 EXPORT           CCU6SR2_IRQHandler        [WEAK
]
  179 0000001A                 EXPORT           CCU6SR3_IRQHandler        [WEAK
]
  180 0000001A                 EXPORT           SSC1_IRQHandler           [WEAK
]
  181 0000001A                 EXPORT           SSC2_IRQHandler           [WEAK
]
  182 0000001A                 EXPORT           UART1_IRQHandler          [WEAK
]
  183 0000001A                 EXPORT           UART2_IRQHandler          [WEAK
]
  184 0000001A                 EXPORT           EXINT0_IRQHandler         [WEAK
]
  185 0000001A                 EXPORT           EXINT1_IRQHandler         [WEAK
]
  186 0000001A                 EXPORT           WAKEUP_IRQHandler         [WEAK
]
  187 0000001A                 EXPORT           DIV_IRQHandler            [WEAK
]
  188 0000001A                 EXPORT           node16_IRQHandler         [WEAK
]
  189 0000001A                 EXPORT           CP_IRQHandler             [WEAK
]
  190 0000001A                 EXPORT           BDRV_IRQHandler           [WEAK
]
  191 0000001A                 EXPORT           HS_IRQHandler             [WEAK
]
  192 0000001A                 EXPORT           CSA_IRQHandler            [WEAK



ARM Macro Assembler    Page 6 


]
  193 0000001A                 EXPORT           DU1_IRQHandler            [WEAK
]
  194 0000001A                 EXPORT           MONx_IRQHandler           [WEAK
]
  195 0000001A                 EXPORT           PORT2_IRQHandler          [WEAK
]
  196 0000001A         
  197 0000001A         GPT1_IRQHandler
  198 0000001A         GPT2_IRQHandler
  199 0000001A         ADC2_IRQHandler
  200 0000001A         ADC1_IRQHandler
  201 0000001A         CCU6SR0_IRQHandler
  202 0000001A         CCU6SR1_IRQHandler
  203 0000001A         CCU6SR2_IRQHandler
  204 0000001A         CCU6SR3_IRQHandler
  205 0000001A         SSC1_IRQHandler
  206 0000001A         SSC2_IRQHandler
  207 0000001A         UART1_IRQHandler
  208 0000001A         UART2_IRQHandler
  209 0000001A         EXINT0_IRQHandler
  210 0000001A         EXINT1_IRQHandler
  211 0000001A         WAKEUP_IRQHandler
  212 0000001A         DIV_IRQHandler
  213 0000001A         node16_IRQHandler
  214 0000001A         CP_IRQHandler
  215 0000001A         BDRV_IRQHandler
  216 0000001A         HS_IRQHandler
  217 0000001A         CSA_IRQHandler
  218 0000001A         DU1_IRQHandler
  219 0000001A         MONx_IRQHandler
  220 0000001A         PORT2_IRQHandler
  221 0000001A         
  222 0000001A E7FE            B                .
  223 0000001C                 ENDP
  224 0000001C         
  225 0000001C         
  226 0000001C                 ALIGN
  227 0000001C         
  228 0000001C         ;-------------------------------------------------------
                       ------------------------
  229 0000001C         ; User Initial Stack & Heap
  230 0000001C         
  231 0000001C                 IF               :DEF:__MICROLIB
  232 0000001C         
  233 0000001C                 EXPORT           __initial_sp
  234 0000001C                 EXPORT           __heap_base
  235 0000001C                 EXPORT           __heap_limit
  236 0000001C         
  237 0000001C                 ELSE
  251                          ENDIF
  252 0000001C         
  253 0000001C                 END
              00000000 
              00000000 
Command Line: --debug --xref --diag_suppress=9931 --cpu=Cortex-M0 --apcs=interw
ork --depend=.\objects\startup_tle985x.d -o.\objects\startup_tle985x.o -I.\RTE\
Device\TLE9854QX -I.\RTE\RTOS -I.\RTE\_Mosfet -Id:\Keil_v5\ARM\PACK\ARM\CMSIS\5
.7.0\CMSIS\Core\Include -Id:\Keil_v5\ARM\PACK\Infineon\TLE985x_DFP\1.1.8\Device



ARM Macro Assembler    Page 7 


\Include -Id:\Keil_v5\ARM\PACK\RealThread\RT-Thread\3.1.3\include --predefine="
__MICROLIB SETA 1" --predefine="__UVISION_VERSION SETA 524" --predefine="_RTE_ 
SETA 1" --predefine="TLE9854QX SETA 1" --list=.\listings\startup_tle985x.lst RT
E\Device\TLE9854QX\startup_tle985x.S



ARM Macro Assembler    Page 1 Alphabetic symbol ordering
Relocatable symbols

STACK 00000000

Symbol: STACK
   Definitions
      At line 35 in file RTE\Device\TLE9854QX\startup_tle985x.S
   Uses
      None
Comment: STACK unused
Stack_Mem 00000000

Symbol: Stack_Mem
   Definitions
      At line 36 in file RTE\Device\TLE9854QX\startup_tle985x.S
   Uses
      None
Comment: Stack_Mem unused
__initial_sp 00000300

Symbol: __initial_sp
   Definitions
      At line 37 in file RTE\Device\TLE9854QX\startup_tle985x.S
   Uses
      At line 62 in file RTE\Device\TLE9854QX\startup_tle985x.S
      At line 233 in file RTE\Device\TLE9854QX\startup_tle985x.S

3 symbols



ARM Macro Assembler    Page 1 Alphabetic symbol ordering
Relocatable symbols

HEAP 00000000

Symbol: HEAP
   Definitions
      At line 46 in file RTE\Device\TLE9854QX\startup_tle985x.S
   Uses
      None
Comment: HEAP unused
Heap_Mem 00000000

Symbol: Heap_Mem
   Definitions
      At line 48 in file RTE\Device\TLE9854QX\startup_tle985x.S
   Uses
      None
Comment: Heap_Mem unused
__heap_base 00000000

Symbol: __heap_base
   Definitions
      At line 47 in file RTE\Device\TLE9854QX\startup_tle985x.S
   Uses
      At line 234 in file RTE\Device\TLE9854QX\startup_tle985x.S
Comment: __heap_base used once
__heap_limit 00000000

Symbol: __heap_limit
   Definitions
      At line 49 in file RTE\Device\TLE9854QX\startup_tle985x.S
   Uses
      At line 235 in file RTE\Device\TLE9854QX\startup_tle985x.S
Comment: __heap_limit used once
4 symbols



ARM Macro Assembler    Page 1 Alphabetic symbol ordering
Relocatable symbols

RESET 00000000

Symbol: RESET
   Definitions
      At line 57 in file RTE\Device\TLE9854QX\startup_tle985x.S
   Uses
      None
Comment: RESET unused
__Vectors 00000000

Symbol: __Vectors
   Definitions
      At line 62 in file RTE\Device\TLE9854QX\startup_tle985x.S
   Uses
      At line 58 in file RTE\Device\TLE9854QX\startup_tle985x.S
      At line 107 in file RTE\Device\TLE9854QX\startup_tle985x.S

__Vectors_End 000000A0

Symbol: __Vectors_End
   Definitions
      At line 105 in file RTE\Device\TLE9854QX\startup_tle985x.S
   Uses
      At line 59 in file RTE\Device\TLE9854QX\startup_tle985x.S
      At line 107 in file RTE\Device\TLE9854QX\startup_tle985x.S

3 symbols



ARM Macro Assembler    Page 1 Alphabetic symbol ordering
Relocatable symbols

.text 00000000

Symbol: .text
   Definitions
      At line 109 in file RTE\Device\TLE9854QX\startup_tle985x.S
   Uses
      None
Comment: .text unused
ADC1_IRQHandler 0000001A

Symbol: ADC1_IRQHandler
   Definitions
      At line 200 in file RTE\Device\TLE9854QX\startup_tle985x.S
   Uses
      At line 84 in file RTE\Device\TLE9854QX\startup_tle985x.S
      At line 175 in file RTE\Device\TLE9854QX\startup_tle985x.S

ADC2_IRQHandler 0000001A

Symbol: ADC2_IRQHandler
   Definitions
      At line 199 in file RTE\Device\TLE9854QX\startup_tle985x.S
   Uses
      At line 83 in file RTE\Device\TLE9854QX\startup_tle985x.S
      At line 174 in file RTE\Device\TLE9854QX\startup_tle985x.S

BDRV_IRQHandler 0000001A

Symbol: BDRV_IRQHandler
   Definitions
      At line 215 in file RTE\Device\TLE9854QX\startup_tle985x.S
   Uses
      At line 99 in file RTE\Device\TLE9854QX\startup_tle985x.S
      At line 190 in file RTE\Device\TLE9854QX\startup_tle985x.S

BusFault_Handler 0000000E

Symbol: BusFault_Handler
   Definitions
      At line 142 in file RTE\Device\TLE9854QX\startup_tle985x.S
   Uses
      At line 67 in file RTE\Device\TLE9854QX\startup_tle985x.S
      At line 143 in file RTE\Device\TLE9854QX\startup_tle985x.S

CCU6SR0_IRQHandler 0000001A

Symbol: CCU6SR0_IRQHandler
   Definitions
      At line 201 in file RTE\Device\TLE9854QX\startup_tle985x.S
   Uses
      At line 85 in file RTE\Device\TLE9854QX\startup_tle985x.S
      At line 176 in file RTE\Device\TLE9854QX\startup_tle985x.S

CCU6SR1_IRQHandler 0000001A

Symbol: CCU6SR1_IRQHandler
   Definitions
      At line 202 in file RTE\Device\TLE9854QX\startup_tle985x.S
   Uses



ARM Macro Assembler    Page 2 Alphabetic symbol ordering
Relocatable symbols

      At line 86 in file RTE\Device\TLE9854QX\startup_tle985x.S
      At line 177 in file RTE\Device\TLE9854QX\startup_tle985x.S

CCU6SR2_IRQHandler 0000001A

Symbol: CCU6SR2_IRQHandler
   Definitions
      At line 203 in file RTE\Device\TLE9854QX\startup_tle985x.S
   Uses
      At line 87 in file RTE\Device\TLE9854QX\startup_tle985x.S
      At line 178 in file RTE\Device\TLE9854QX\startup_tle985x.S

CCU6SR3_IRQHandler 0000001A

Symbol: CCU6SR3_IRQHandler
   Definitions
      At line 204 in file RTE\Device\TLE9854QX\startup_tle985x.S
   Uses
      At line 88 in file RTE\Device\TLE9854QX\startup_tle985x.S
      At line 179 in file RTE\Device\TLE9854QX\startup_tle985x.S

CP_IRQHandler 0000001A

Symbol: CP_IRQHandler
   Definitions
      At line 214 in file RTE\Device\TLE9854QX\startup_tle985x.S
   Uses
      At line 98 in file RTE\Device\TLE9854QX\startup_tle985x.S
      At line 189 in file RTE\Device\TLE9854QX\startup_tle985x.S

CSA_IRQHandler 0000001A

Symbol: CSA_IRQHandler
   Definitions
      At line 217 in file RTE\Device\TLE9854QX\startup_tle985x.S
   Uses
      At line 101 in file RTE\Device\TLE9854QX\startup_tle985x.S
      At line 192 in file RTE\Device\TLE9854QX\startup_tle985x.S

DIV_IRQHandler 0000001A

Symbol: DIV_IRQHandler
   Definitions
      At line 212 in file RTE\Device\TLE9854QX\startup_tle985x.S
   Uses
      At line 96 in file RTE\Device\TLE9854QX\startup_tle985x.S
      At line 187 in file RTE\Device\TLE9854QX\startup_tle985x.S

DU1_IRQHandler 0000001A

Symbol: DU1_IRQHandler
   Definitions
      At line 218 in file RTE\Device\TLE9854QX\startup_tle985x.S
   Uses
      At line 102 in file RTE\Device\TLE9854QX\startup_tle985x.S
      At line 193 in file RTE\Device\TLE9854QX\startup_tle985x.S

DebugMon_Handler 00000014




ARM Macro Assembler    Page 3 Alphabetic symbol ordering
Relocatable symbols

Symbol: DebugMon_Handler
   Definitions
      At line 156 in file RTE\Device\TLE9854QX\startup_tle985x.S
   Uses
      At line 74 in file RTE\Device\TLE9854QX\startup_tle985x.S
      At line 157 in file RTE\Device\TLE9854QX\startup_tle985x.S

Default_Handler 0000001A

Symbol: Default_Handler
   Definitions
      At line 171 in file RTE\Device\TLE9854QX\startup_tle985x.S
   Uses
      None
Comment: Default_Handler unused
EXINT0_IRQHandler 0000001A

Symbol: EXINT0_IRQHandler
   Definitions
      At line 209 in file RTE\Device\TLE9854QX\startup_tle985x.S
   Uses
      At line 93 in file RTE\Device\TLE9854QX\startup_tle985x.S
      At line 184 in file RTE\Device\TLE9854QX\startup_tle985x.S

EXINT1_IRQHandler 0000001A

Symbol: EXINT1_IRQHandler
   Definitions
      At line 210 in file RTE\Device\TLE9854QX\startup_tle985x.S
   Uses
      At line 94 in file RTE\Device\TLE9854QX\startup_tle985x.S
      At line 185 in file RTE\Device\TLE9854QX\startup_tle985x.S

GPT1_IRQHandler 0000001A

Symbol: GPT1_IRQHandler
   Definitions
      At line 197 in file RTE\Device\TLE9854QX\startup_tle985x.S
   Uses
      At line 81 in file RTE\Device\TLE9854QX\startup_tle985x.S
      At line 172 in file RTE\Device\TLE9854QX\startup_tle985x.S

GPT2_IRQHandler 0000001A

Symbol: GPT2_IRQHandler
   Definitions
      At line 198 in file RTE\Device\TLE9854QX\startup_tle985x.S
   Uses
      At line 82 in file RTE\Device\TLE9854QX\startup_tle985x.S
      At line 173 in file RTE\Device\TLE9854QX\startup_tle985x.S

HS_IRQHandler 0000001A

Symbol: HS_IRQHandler
   Definitions
      At line 216 in file RTE\Device\TLE9854QX\startup_tle985x.S
   Uses
      At line 100 in file RTE\Device\TLE9854QX\startup_tle985x.S
      At line 191 in file RTE\Device\TLE9854QX\startup_tle985x.S



ARM Macro Assembler    Page 4 Alphabetic symbol ordering
Relocatable symbols


HardFault_Handler 0000000A

Symbol: HardFault_Handler
   Definitions
      At line 132 in file RTE\Device\TLE9854QX\startup_tle985x.S
   Uses
      At line 65 in file RTE\Device\TLE9854QX\startup_tle985x.S
      At line 133 in file RTE\Device\TLE9854QX\startup_tle985x.S

MONx_IRQHandler 0000001A

Symbol: MONx_IRQHandler
   Definitions
      At line 219 in file RTE\Device\TLE9854QX\startup_tle985x.S
   Uses
      At line 103 in file RTE\Device\TLE9854QX\startup_tle985x.S
      At line 194 in file RTE\Device\TLE9854QX\startup_tle985x.S

MemManage_Handler 0000000C

Symbol: MemManage_Handler
   Definitions
      At line 137 in file RTE\Device\TLE9854QX\startup_tle985x.S
   Uses
      At line 66 in file RTE\Device\TLE9854QX\startup_tle985x.S
      At line 138 in file RTE\Device\TLE9854QX\startup_tle985x.S

NMI_Handler 00000008

Symbol: NMI_Handler
   Definitions
      At line 127 in file RTE\Device\TLE9854QX\startup_tle985x.S
   Uses
      At line 64 in file RTE\Device\TLE9854QX\startup_tle985x.S
      At line 128 in file RTE\Device\TLE9854QX\startup_tle985x.S

PORT2_IRQHandler 0000001A

Symbol: PORT2_IRQHandler
   Definitions
      At line 220 in file RTE\Device\TLE9854QX\startup_tle985x.S
   Uses
      At line 104 in file RTE\Device\TLE9854QX\startup_tle985x.S
      At line 195 in file RTE\Device\TLE9854QX\startup_tle985x.S

PendSV_Handler 00000016

Symbol: PendSV_Handler
   Definitions
      At line 161 in file RTE\Device\TLE9854QX\startup_tle985x.S
   Uses
      At line 76 in file RTE\Device\TLE9854QX\startup_tle985x.S
      At line 162 in file RTE\Device\TLE9854QX\startup_tle985x.S

Reset_Handler 00000000

Symbol: Reset_Handler
   Definitions



ARM Macro Assembler    Page 5 Alphabetic symbol ordering
Relocatable symbols

      At line 114 in file RTE\Device\TLE9854QX\startup_tle985x.S
   Uses
      At line 63 in file RTE\Device\TLE9854QX\startup_tle985x.S
      At line 115 in file RTE\Device\TLE9854QX\startup_tle985x.S

SSC1_IRQHandler 0000001A

Symbol: SSC1_IRQHandler
   Definitions
      At line 205 in file RTE\Device\TLE9854QX\startup_tle985x.S
   Uses
      At line 89 in file RTE\Device\TLE9854QX\startup_tle985x.S
      At line 180 in file RTE\Device\TLE9854QX\startup_tle985x.S

SSC2_IRQHandler 0000001A

Symbol: SSC2_IRQHandler
   Definitions
      At line 206 in file RTE\Device\TLE9854QX\startup_tle985x.S
   Uses
      At line 90 in file RTE\Device\TLE9854QX\startup_tle985x.S
      At line 181 in file RTE\Device\TLE9854QX\startup_tle985x.S

SVC_Handler 00000012

Symbol: SVC_Handler
   Definitions
      At line 151 in file RTE\Device\TLE9854QX\startup_tle985x.S
   Uses
      At line 73 in file RTE\Device\TLE9854QX\startup_tle985x.S
      At line 152 in file RTE\Device\TLE9854QX\startup_tle985x.S

SysTick_Handler 00000018

Symbol: SysTick_Handler
   Definitions
      At line 166 in file RTE\Device\TLE9854QX\startup_tle985x.S
   Uses
      At line 77 in file RTE\Device\TLE9854QX\startup_tle985x.S
      At line 167 in file RTE\Device\TLE9854QX\startup_tle985x.S

UART1_IRQHandler 0000001A

Symbol: UART1_IRQHandler
   Definitions
      At line 207 in file RTE\Device\TLE9854QX\startup_tle985x.S
   Uses
      At line 91 in file RTE\Device\TLE9854QX\startup_tle985x.S
      At line 182 in file RTE\Device\TLE9854QX\startup_tle985x.S

UART2_IRQHandler 0000001A

Symbol: UART2_IRQHandler
   Definitions
      At line 208 in file RTE\Device\TLE9854QX\startup_tle985x.S
   Uses
      At line 92 in file RTE\Device\TLE9854QX\startup_tle985x.S
      At line 183 in file RTE\Device\TLE9854QX\startup_tle985x.S




ARM Macro Assembler    Page 6 Alphabetic symbol ordering
Relocatable symbols

UsageFault_Handler 00000010

Symbol: UsageFault_Handler
   Definitions
      At line 147 in file RTE\Device\TLE9854QX\startup_tle985x.S
   Uses
      At line 68 in file RTE\Device\TLE9854QX\startup_tle985x.S
      At line 148 in file RTE\Device\TLE9854QX\startup_tle985x.S

WAKEUP_IRQHandler 0000001A

Symbol: WAKEUP_IRQHandler
   Definitions
      At line 211 in file RTE\Device\TLE9854QX\startup_tle985x.S
   Uses
      At line 95 in file RTE\Device\TLE9854QX\startup_tle985x.S
      At line 186 in file RTE\Device\TLE9854QX\startup_tle985x.S

node16_IRQHandler 0000001A

Symbol: node16_IRQHandler
   Definitions
      At line 213 in file RTE\Device\TLE9854QX\startup_tle985x.S
   Uses
      At line 97 in file RTE\Device\TLE9854QX\startup_tle985x.S
      At line 188 in file RTE\Device\TLE9854QX\startup_tle985x.S

36 symbols



ARM Macro Assembler    Page 1 Alphabetic symbol ordering
Absolute symbols

Heap_Size 00000000

Symbol: Heap_Size
   Definitions
      At line 44 in file RTE\Device\TLE9854QX\startup_tle985x.S
   Uses
      At line 48 in file RTE\Device\TLE9854QX\startup_tle985x.S
Comment: Heap_Size used once
Stack_Size 00000300

Symbol: Stack_Size
   Definitions
      At line 33 in file RTE\Device\TLE9854QX\startup_tle985x.S
   Uses
      At line 36 in file RTE\Device\TLE9854QX\startup_tle985x.S
Comment: Stack_Size used once
__Vectors_Size 000000A0

Symbol: __Vectors_Size
   Definitions
      At line 107 in file RTE\Device\TLE9854QX\startup_tle985x.S
   Uses
      At line 60 in file RTE\Device\TLE9854QX\startup_tle985x.S
Comment: __Vectors_Size used once
3 symbols



ARM Macro Assembler    Page 1 Alphabetic symbol ordering
External symbols

SystemInit 00000000

Symbol: SystemInit
   Definitions
      At line 116 in file RTE\Device\TLE9854QX\startup_tle985x.S
   Uses
      At line 118 in file RTE\Device\TLE9854QX\startup_tle985x.S
Comment: SystemInit used once
__main 00000000

Symbol: __main
   Definitions
      At line 117 in file RTE\Device\TLE9854QX\startup_tle985x.S
   Uses
      At line 120 in file RTE\Device\TLE9854QX\startup_tle985x.S
Comment: __main used once
2 symbols
387 symbols in table
